Arguments: 
  C:\Program Files\nodejs\node.exe C:\Users\raffb\AppData\Roaming\npm\node_modules\yarn\bin\yarn.js

PATH: 
  C:\Program Files\Microsoft MPI\Bin\;C:\Python38\Scripts\;C:\Python38\;C:\WINDOWS\system32;C:\WINDOWS;C:\WINDOWS\System32\Wbem;C:\WINDOWS\System32\WindowsPowerShell\v1.0\;C:\WINDOWS\System32\OpenSSH\;C:\Program Files (x86)\NVIDIA Corporation\PhysX\Common;C:\ProgramData\chocolatey\bin;C:\Program Files\Git\cmd;C:\Program Files\dotnet\;C:\Program Files\Microsoft SQL Server\130\Tools\Binn\;C:\Program Files\nodejs\;C:\WINDOWS\system32;C:\WINDOWS;C:\WINDOWS\System32\Wbem;C:\WINDOWS\System32\WindowsPowerShell\v1.0\;C:\WINDOWS\System32\OpenSSH\;C:\Users\raffb\AppData\Local\Microsoft\WindowsApps;;C:\Users\raffb\AppData\Local\Programs\Microsoft VS Code\bin;C:\Users\raffb\.dotnet\tools;C:\Users\raffb\AppData\Roaming\npm

Yarn version: 
  1.22.15

Node version: 
  14.15.0

Platform: 
  win32 x64

Trace: 
  Error: getaddrinfo ENOENT registry.yarnpkg.com
      at GetAddrInfoReqWrap.onlookup [as oncomplete] (dns.js:67:26)

npm manifest: 
  {
    "name": "web",
    "version": "0.1.0",
    "private": true,
    "dependencies": {
      "@emotion/react": "^11.7.1",
      "@emotion/styled": "^11.6.0",
      "@mui/icons-material": "^5.2.5",
      "@mui/material": "^5.2.6",
      "@testing-library/jest-dom": "^5.16.1",
      "@testing-library/react": "^12.1.2",
      "@testing-library/user-event": "^13.5.0",
      "@types/jest": "^27.0.3",
      "@types/node": "^16.11.17",
      "@types/react": "^17.0.38",
      "@types/react-dom": "^17.0.11",
      "react": "^17.0.2",
      "react-dom": "^17.0.2",
      "react-router-dom": "^6.2.1",
      "react-scripts": "5.0.0",
      "typescript": "^4.5.4",
      "web-vitals": "^2.1.2"
    },
    "scripts": {
      "start": "npm install && react-scripts start",
      "build": "react-scripts build",
      "test": "react-scripts test",
      "eject": "react-scripts eject"
    },
    "eslintConfig": {
      "extends": [
        "react-app",
        "react-app/jest"
      ]
    },
    "browserslist": {
      "production": [
        ">0.2%",
        "not dead",
        "not op_mini all"
      ],
      "development": [
        "last 1 chrome version",
        "last 1 firefox version",
        "last 1 safari version"
      ]
    }
  }

yarn manifest: 
  No manifest

Lockfile: 
  No lockfile
